#
# There is insufficient memory for the Java Runtime Environment to continue.
# Native memory allocation (malloc) failed to allocate 16384 bytes for AllocateHeap
# Possible reasons:
#   The system is out of physical RAM or swap space
#   The process is running with CompressedOops enabled, and the Java Heap may be blocking the growth of the native heap
# Possible solutions:
#   Reduce memory load on the system
#   Increase physical memory or swap space
#   Check if swap backing store is full
#   Decrease Java heap size (-Xmx/-Xms)
#   Decrease number of Java threads
#   Decrease Java thread stack sizes (-Xss)
#   Set larger code cache with -XX:ReservedCodeCacheSize=
#   JVM is running with Unscaled Compressed Oops mode in which the Java heap is
#     placed in the first 4GB address space. The Java Heap base address is the
#     maximum limit for the native heap growth. Please use -XX:HeapBaseMinAddress
#     to set the Java Heap base and to place the Java Heap above 4GB virtual address.
# This output file may be truncated or incomplete.
#
#  Out of Memory Error (memory/allocation.inline.hpp:61), pid=5828, tid=0x0000000000001658
#
# JRE version: Java(TM) SE Runtime Environment (8.0_201-b09) (build 1.8.0_201-b09)
# Java VM: Java HotSpot(TM) 64-Bit Server VM (25.201-b09 mixed mode windows-amd64 compressed oops)
# Failed to write core dump. Minidumps are not enabled by default on client versions of Windows
#

---------------  T H R E A D  ---------------

Current thread (0x0000000017241000):  JavaThread "background-preinit" [_thread_in_vm, id=5720, stack(0x0000000018240000,0x0000000018340000)]

Stack: [0x0000000018240000,0x0000000018340000]
[error occurred during error reporting (printing stack bounds), id 0xc0000005]

Native frames: (J=compiled Java code, j=interpreted, Vv=VM code, C=native code)

Java frames: (J=compiled Java code, j=interpreted, Vv=VM code)
j  com.sun.org.apache.xerces.internal.parsers.SAXParser.<init>(Lcom/sun/org/apache/xerces/internal/util/SymbolTable;Lcom/sun/org/apache/xerces/internal/xni/grammars/XMLGrammarPool;)V+1
j  com.sun.org.apache.xerces.internal.parsers.SAXParser.<init>()V+3
j  com.sun.org.apache.xerces.internal.jaxp.SAXParserImpl$JAXPSAXParser.<init>(Lcom/sun/org/apache/xerces/internal/jaxp/SAXParserImpl;Lcom/sun/org/apache/xerces/internal/utils/XMLSecurityPropertyManager;Lcom/sun/org/apache/xerces/internal/utils/XMLSecurityManager;)V+1
j  com.sun.org.apache.xerces.internal.jaxp.SAXParserImpl.<init>(Lcom/sun/org/apache/xerces/internal/jaxp/SAXParserFactoryImpl;Ljava/util/Map;Z)V+46
j  com.sun.org.apache.xerces.internal.jaxp.SAXParserFactoryImpl.newSAXParser()Ljavax/xml/parsers/SAXParser;+13
j  org.apache.tomcat.util.digester.Digester.getParser()Ljavax/xml/parsers/SAXParser;+17
j  org.apache.tomcat.util.digester.Digester.getXMLReader()Lorg/xml/sax/XMLReader;+9
j  org.apache.tomcat.util.digester.Digester.parse(Ljava/io/InputStream;)Ljava/lang/Object;+14
j  org.apache.tomcat.util.modeler.modules.MbeansDescriptorsDigesterSource.execute()V+61
j  org.apache.tomcat.util.modeler.modules.MbeansDescriptorsDigesterSource.loadDescriptors(Lorg/apache/tomcat/util/modeler/Registry;Ljava/lang/String;Ljava/lang/Object;)Ljava/util/List;+11
j  org.apache.tomcat.util.modeler.Registry.load(Ljava/lang/String;Ljava/lang/Object;Ljava/lang/String;)Ljava/util/List;+215
j  org.apache.tomcat.util.modeler.Registry.loadDescriptors(Ljava/lang/String;Ljava/lang/ClassLoader;)V+143
j  org.apache.catalina.mbeans.MBeanUtils.createRegistry()Lorg/apache/tomcat/util/modeler/Registry;+26
j  org.apache.catalina.mbeans.MBeanUtils.<clinit>()V+66
v  ~StubRoutines::call_stub
j  org.apache.catalina.mbeans.MBeanFactory.<clinit>()V+16
v  ~StubRoutines::call_stub
j  org.springframework.boot.autoconfigure.BackgroundPreinitializer$MBeanFactoryInitializer.run()V+0
j  org.springframework.boot.autoconfigure.BackgroundPreinitializer$1.runSafely(Ljava/lang/Runnable;)V+1
j  org.springframework.boot.autoconfigure.BackgroundPreinitializer$1.run()V+45
j  java.lang.Thread.run()V+11
v  ~StubRoutines::call_stub

---------------  P R O C E S S  ---------------

Java Threads: ( => current thread )
=>0x0000000017241000 JavaThread "background-preinit" [_thread_in_vm, id=5720, stack(0x0000000018240000,0x0000000018340000)]
  0x0000000017234000 JavaThread "restartedMain" [_thread_blocked, id=6608, stack(0x0000000018020000,0x0000000018120000)]
  0x0000000017210800 JavaThread "Thread-1" [_thread_blocked, id=6960, stack(0x0000000017db0000,0x0000000017eb0000)]
  0x0000000016f7f000 JavaThread "RMI TCP Accept-0" daemon [_thread_in_native, id=6956, stack(0x0000000017750000,0x0000000017850000)]
  0x0000000016f38000 JavaThread "RMI TCP Accept-50171" daemon [_thread_in_native, id=3536, stack(0x0000000017880000,0x0000000017980000)]
  0x0000000016f27000 JavaThread "RMI TCP Accept-0" daemon [_thread_in_native, id=5176, stack(0x00000000175b0000,0x00000000176b0000)]
  0x0000000015f24800 JavaThread "Service Thread" daemon [_thread_blocked, id=3860, stack(0x00000000166a0000,0x00000000167a0000)]
  0x0000000015ebe800 JavaThread "C1 CompilerThread2" daemon [_thread_blocked, id=5564, stack(0x0000000016580000,0x0000000016680000)]
  0x0000000015eb5800 JavaThread "C2 CompilerThread1" daemon [_thread_blocked, id=6004, stack(0x0000000015a70000,0x0000000015b70000)]
  0x000000001469f000 JavaThread "C2 CompilerThread0" daemon [_thread_blocked, id=5228, stack(0x0000000016390000,0x0000000016490000)]
  0x000000001469d000 JavaThread "Attach Listener" daemon [_thread_blocked, id=6160, stack(0x0000000015da0000,0x0000000015ea0000)]
  0x0000000014698000 JavaThread "Signal Dispatcher" daemon [_thread_blocked, id=7060, stack(0x0000000015c30000,0x0000000015d30000)]
  0x000000001467d800 JavaThread "Finalizer" daemon [_thread_blocked, id=6256, stack(0x0000000015970000,0x0000000015a70000)]
  0x0000000014636800 JavaThread "Reference Handler" daemon [_thread_blocked, id=472, stack(0x00000000156f0000,0x00000000157f0000)]
  0x000000000220a800 JavaThread "main" [_thread_blocked, id=5940, stack(0x00000000022e0000,0x00000000023e0000)]

Other Threads:
  0x000000001462e800 VMThread [stack: 0x0000000015590000,0x0000000015690000] [id=7108]
  0x0000000016f83800 WatcherThread [stack: 0x0000000017a60000,0x0000000017b60000] [id=5708]

VM state:not at safepoint (normal execution)

VM Mutex/Monitor currently owned by a thread:  ([mutex/lock_event])
[0x0000000002208380] SystemDictionary_lock - owner thread: 0x0000000017241000
[0x0000000002209600] Compile_lock - owner thread: 0x0000000017241000

heap address: 0x00000000d2400000, size: 732 MB, Compressed Oops mode: 32-bit
Narrow klass base: 0x0000000000000000, Narrow klass shift: 0
Compressed class space size: 1073741824 Address: 0x000000007fff0000

Heap:
 PSYoungGen      total 26112K, used 12499K [0x00000000f0c00000, 0x00000000f2700000, 0x0000000100000000)
  eden space 24576K, 44% used [0x00000000f0c00000,0x00000000f16b8208,0x00000000f2400000)
  from space 1536K, 99% used [0x00000000f2400000,0x00000000f257cb70,0x00000000f2580000)
  to   space 1536K, 0% used [0x00000000f2580000,0x00000000f2580000,0x00000000f2700000)
 ParOldGen       total 31744K, used 11374K [0x00000000d2400000, 0x00000000d4300000, 0x00000000f0c00000)
  object space 31744K, 35% used [0x00000000d2400000,0x00000000d2f1b9e8,0x00000000d4300000)
 Metaspace       used 19669K, capacity 20234K, committed 20608K, reserved 1067008K
  class space    used 2663K, capacity 2832K, committed 2944K, reserved 1048576K

Card table byte_map: [0x0000000011b20000,0x0000000011c90000] byte_map_base: 0x000000001148e000

Marking Bits: (ParMarkBitMap*) 0x0000000073674ce0
 Begin Bits: [0x0000000012450000, 0x0000000012fc0000)
 End Bits:   [0x0000000012fc0000, 0x0000000013b30000)

Polling page: 0x0000000000140000

CodeCache: size=245760Kb used=3166Kb max_used=3166Kb free=242593Kb
 bounds [0x0000000002760000, 0x0000000002a80000, 0x0000000011760000]
 total_blobs=1784 nmethods=1390 adapters=306
 compilation: enabled

Compilation events (10 events):
Event: 2.112 Thread 0x0000000015ebe800 1387       1       java.lang.System::getProperty (25 bytes)
Event: 2.112 Thread 0x0000000015ebe800 nmethod 1387 0x0000000002a76690 code [0x0000000002a76840, 0x0000000002a76b28]
Event: 2.112 Thread 0x0000000015ebe800 1386       1       java.io.File::getPrefixLength (5 bytes)
Event: 2.112 Thread 0x0000000015ebe800 nmethod 1386 0x0000000002a76d10 code [0x0000000002a76e60, 0x0000000002a76f70]
Event: 2.117 Thread 0x0000000015ebe800 1389       1       java.util.ArrayDeque::addLast (53 bytes)
Event: 2.117 Thread 0x0000000015ebe800 nmethod 1389 0x0000000002a76fd0 code [0x0000000002a77140, 0x0000000002a773b8]
Event: 2.117 Thread 0x0000000015ebe800 1388       1       java.util.ArrayDeque::add (7 bytes)
Event: 2.117 Thread 0x0000000015ebe800 nmethod 1388 0x0000000002a77510 code [0x0000000002a77660, 0x0000000002a77788]
Event: 2.119 Thread 0x0000000015ebe800 1390       1       org.springframework.asm.ClassReader::readUnsignedShort (26 bytes)
Event: 2.119 Thread 0x0000000015ebe800 nmethod 1390 0x0000000002a77810 code [0x0000000002a77960, 0x0000000002a77ad0]

GC Heap History (10 events):
Event: 1.288 GC heap before
{Heap before GC invocations=3 (full 0):
 PSYoungGen      total 13824K, used 13758K [0x00000000f0c00000, 0x00000000f2700000, 0x0000000100000000)
  eden space 12288K, 99% used [0x00000000f0c00000,0x00000000f17f63b8,0x00000000f1800000)
  from space 1536K, 98% used [0x00000000f1980000,0x00000000f1af9818,0x00000000f1b00000)
  to   space 1536K, 0% used [0x00000000f1800000,0x00000000f1800000,0x00000000f1980000)
 ParOldGen       total 31744K, used 2567K [0x00000000d2400000, 0x00000000d4300000, 0x00000000f0c00000)
  object space 31744K, 8% used [0x00000000d2400000,0x00000000d2681c88,0x00000000d4300000)
 Metaspace       used 9504K, capacity 9724K, committed 9984K, reserved 1058816K
  class space    used 1178K, capacity 1264K, committed 1280K, reserved 1048576K
Event: 1.291 GC heap after
Heap after GC invocations=3 (full 0):
 PSYoungGen      total 13824K, used 1522K [0x00000000f0c00000, 0x00000000f2700000, 0x0000000100000000)
  eden space 12288K, 0% used [0x00000000f0c00000,0x00000000f0c00000,0x00000000f1800000)
  from space 1536K, 99% used [0x00000000f1800000,0x00000000f197cad0,0x00000000f1980000)
  to   space 1536K, 0% used [0x00000000f2580000,0x00000000f2580000,0x00000000f2700000)
 ParOldGen       total 31744K, used 2591K [0x00000000d2400000, 0x00000000d4300000, 0x00000000f0c00000)
  object space 31744K, 8% used [0x00000000d2400000,0x00000000d2687c88,0x00000000d4300000)
 Metaspace       used 9504K, capacity 9724K, committed 9984K, reserved 1058816K
  class space    used 1178K, capacity 1264K, committed 1280K, reserved 1048576K
}
Event: 1.296 GC heap before
{Heap before GC invocations=4 (full 0):
 PSYoungGen      total 13824K, used 13785K [0x00000000f0c00000, 0x00000000f2700000, 0x0000000100000000)
  eden space 12288K, 99% used [0x00000000f0c00000,0x00000000f17f9a40,0x00000000f1800000)
  from space 1536K, 99% used [0x00000000f1800000,0x00000000f197cad0,0x00000000f1980000)
  to   space 1536K, 0% used [0x00000000f2580000,0x00000000f2580000,0x00000000f2700000)
 ParOldGen       total 31744K, used 2591K [0x00000000d2400000, 0x00000000d4300000, 0x00000000f0c00000)
  object space 31744K, 8% used [0x00000000d2400000,0x00000000d2687c88,0x00000000d4300000)
 Metaspace       used 9504K, capacity 9724K, committed 9984K, reserved 1058816K
  class space    used 1178K, capacity 1264K, committed 1280K, reserved 1048576K
Event: 1.299 GC heap after
Heap after GC invocations=4 (full 0):
 PSYoungGen      total 26112K, used 1506K [0x00000000f0c00000, 0x00000000f2700000, 0x0000000100000000)
  eden space 24576K, 0% used [0x00000000f0c00000,0x00000000f0c00000,0x00000000f2400000)
  from space 1536K, 98% used [0x00000000f2580000,0x00000000f26f89a0,0x00000000f2700000)
  to   space 1536K, 0% used [0x00000000f2400000,0x00000000f2400000,0x00000000f2580000)
 ParOldGen       total 31744K, used 2631K [0x00000000d2400000, 0x00000000d4300000, 0x00000000f0c00000)
  object space 31744K, 8% used [0x00000000d2400000,0x00000000d2691c88,0x00000000d4300000)
 Metaspace       used 9504K, capacity 9724K, committed 9984K, reserved 1058816K
  class space    used 1178K, capacity 1264K, committed 1280K, reserved 1048576K
}
Event: 1.559 GC heap before
{Heap before GC invocations=5 (full 0):
 PSYoungGen      total 26112K, used 26082K [0x00000000f0c00000, 0x00000000f2700000, 0x0000000100000000)
  eden space 24576K, 100% used [0x00000000f0c00000,0x00000000f2400000,0x00000000f2400000)
  from space 1536K, 98% used [0x00000000f2580000,0x00000000f26f89a0,0x00000000f2700000)
  to   space 1536K, 0% used [0x00000000f2400000,0x00000000f2400000,0x00000000f2580000)
 ParOldGen       total 31744K, used 2631K [0x00000000d2400000, 0x00000000d4300000, 0x00000000f0c00000)
  object space 31744K, 8% used [0x00000000d2400000,0x00000000d2691c88,0x00000000d4300000)
 Metaspace       used 12431K, capacity 12728K, committed 13056K, reserved 1060864K
  class space    used 1583K, capacity 1683K, committed 1792K, reserved 1048576K
Event: 1.567 GC heap after
Heap after GC invocations=5 (full 0):
 PSYoungGen      total 26112K, used 1509K [0x00000000f0c00000, 0x00000000f2700000, 0x0000000100000000)
  eden space 24576K, 0% used [0x00000000f0c00000,0x00000000f0c00000,0x00000000f2400000)
  from space 1536K, 98% used [0x00000000f2400000,0x00000000f2579630,0x00000000f2580000)
  to   space 1536K, 0% used [0x00000000f2580000,0x00000000f2580000,0x00000000f2700000)
 ParOldGen       total 31744K, used 5175K [0x00000000d2400000, 0x00000000d4300000, 0x00000000f0c00000)
  object space 31744K, 16% used [0x00000000d2400000,0x00000000d290ddd8,0x00000000d4300000)
 Metaspace       used 12431K, capacity 12728K, committed 13056K, reserved 1060864K
  class space    used 1583K, capacity 1683K, committed 1792K, reserved 1048576K
}
Event: 1.798 GC heap before
{Heap before GC invocations=6 (full 0):
 PSYoungGen      total 26112K, used 26085K [0x00000000f0c00000, 0x00000000f2700000, 0x0000000100000000)
  eden space 24576K, 100% used [0x00000000f0c00000,0x00000000f2400000,0x00000000f2400000)
  from space 1536K, 98% used [0x00000000f2400000,0x00000000f2579630,0x00000000f2580000)
  to   space 1536K, 0% used [0x00000000f2580000,0x00000000f2580000,0x00000000f2700000)
 ParOldGen       total 31744K, used 5175K [0x00000000d2400000, 0x00000000d4300000, 0x00000000f0c00000)
  object space 31744K, 16% used [0x00000000d2400000,0x00000000d290ddd8,0x00000000d4300000)
 Metaspace       used 14827K, capacity 15260K, committed 15488K, reserved 1062912K
  class space    used 2039K, capacity 2175K, committed 2176K, reserved 1048576K
Event: 1.805 GC heap after
Heap after GC invocations=6 (full 0):
 PSYoungGen      total 26112K, used 1509K [0x00000000f0c00000, 0x00000000f2700000, 0x0000000100000000)
  eden space 24576K, 0% used [0x00000000f0c00000,0x00000000f0c00000,0x00000000f2400000)
  from space 1536K, 98% used [0x00000000f2580000,0x00000000f26f9630,0x00000000f2700000)
  to   space 1536K, 0% used [0x00000000f2400000,0x00000000f2400000,0x00000000f2580000)
 ParOldGen       total 31744K, used 7880K [0x00000000d2400000, 0x00000000d4300000, 0x00000000f0c00000)
  object space 31744K, 24% used [0x00000000d2400000,0x00000000d2bb20f8,0x00000000d4300000)
 Metaspace       used 14827K, capacity 15260K, committed 15488K, reserved 1062912K
  class space    used 2039K, capacity 2175K, committed 2176K, reserved 1048576K
}
Event: 1.997 GC heap before
{Heap before GC invocations=7 (full 0):
 PSYoungGen      total 26112K, used 26085K [0x00000000f0c00000, 0x00000000f2700000, 0x0000000100000000)
  eden space 24576K, 100% used [0x00000000f0c00000,0x00000000f2400000,0x00000000f2400000)
  from space 1536K, 98% used [0x00000000f2580000,0x00000000f26f9630,0x00000000f2700000)
  to   space 1536K, 0% used [0x00000000f2400000,0x00000000f2400000,0x00000000f2580000)
 ParOldGen       total 31744K, used 7880K [0x00000000d2400000, 0x00000000d4300000, 0x00000000f0c00000)
  object space 31744K, 24% used [0x00000000d2400000,0x00000000d2bb20f8,0x00000000d4300000)
 Metaspace       used 17988K, capacity 18546K, committed 18816K, reserved 1064960K
  class space    used 2438K, capacity 2606K, committed 2688K, reserved 1048576K
Event: 2.004 GC heap after
Heap after GC invocations=7 (full 0):
 PSYoungGen      total 26112K, used 1522K [0x00000000f0c00000, 0x00000000f2700000, 0x0000000100000000)
  eden space 24576K, 0% used [0x00000000f0c00000,0x00000000f0c00000,0x00000000f2400000)
  from space 1536K, 99% used [0x00000000f2400000,0x00000000f257cb70,0x00000000f2580000)
  to   space 1536K, 0% used [0x00000000f2580000,0x00000000f2580000,0x00000000f2700000)
 ParOldGen       total 31744K, used 11374K [0x00000000d2400000, 0x00000000d4300000, 0x00000000f0c00000)
  object space 31744K, 35% used [0x00000000d2400000,0x00000000d2f1b9e8,0x00000000d4300000)
 Metaspace       used 17988K, capacity 18546K, committed 18816K, reserved 1064960K
  class space    used 2438K, capacity 2606K, committed 2688K, reserved 1048576K
}

Deoptimization events (0 events):
No events

Classes redefined (0 events):
No events

Internal exceptions (10 events):
Event: 2.011 Thread 0x0000000017234000 Exception <a 'java/lang/ClassNotFoundException': org/springframework/core/PriorityOrderedCustomizer> (0x00000000f0ce51b0) thrown at [C:\re\workspace\8-2-build-windows-amd64-cygwin\jdk8u201\12322\hotspot\src\share\vm\classfile\systemDictionary.cpp, line 21
Event: 2.011 Thread 0x0000000017234000 Exception <a 'java/lang/ClassNotFoundException': org/springframework/core/OrderedCustomizer> (0x00000000f0cf4ab8) thrown at [C:\re\workspace\8-2-build-windows-amd64-cygwin\jdk8u201\12322\hotspot\src\share\vm\classfile\systemDictionary.cpp, line 210]
Event: 2.012 Thread 0x0000000017234000 Exception <a 'java/lang/ClassNotFoundException': org/springframework/context/ResourceLoaderAwareCustomizer> (0x00000000f0d08410) thrown at [C:\re\workspace\8-2-build-windows-amd64-cygwin\jdk8u201\12322\hotspot\src\share\vm\classfile\systemDictionary.cpp, 
Event: 2.013 Thread 0x0000000017234000 Exception <a 'java/lang/ClassNotFoundException': org/springframework/beans/factory/AwareCustomizer> (0x00000000f0d1a798) thrown at [C:\re\workspace\8-2-build-windows-amd64-cygwin\jdk8u201\12322\hotspot\src\share\vm\classfile\systemDictionary.cpp, line 210
Event: 2.014 Thread 0x0000000017234000 Exception <a 'java/lang/ClassNotFoundException': org/springframework/beans/factory/BeanClassLoaderAwareCustomizer> (0x00000000f0d6b418) thrown at [C:\re\workspace\8-2-build-windows-amd64-cygwin\jdk8u201\12322\hotspot\src\share\vm\classfile\systemDictionar
Event: 2.015 Thread 0x0000000017234000 Exception <a 'java/lang/ClassNotFoundException': org/springframework/beans/factory/AwareCustomizer> (0x00000000f0d7d7b8) thrown at [C:\re\workspace\8-2-build-windows-amd64-cygwin\jdk8u201\12322\hotspot\src\share\vm\classfile\systemDictionary.cpp, line 210
Event: 2.016 Thread 0x0000000017234000 Exception <a 'java/lang/ClassNotFoundException': org/springframework/context/EnvironmentAwareCustomizer> (0x00000000f0d8fac8) thrown at [C:\re\workspace\8-2-build-windows-amd64-cygwin\jdk8u201\12322\hotspot\src\share\vm\classfile\systemDictionary.cpp, lin
Event: 2.017 Thread 0x0000000017234000 Exception <a 'java/lang/ClassNotFoundException': org/springframework/beans/factory/AwareCustomizer> (0x00000000f0dfcf18) thrown at [C:\re\workspace\8-2-build-windows-amd64-cygwin\jdk8u201\12322\hotspot\src\share\vm\classfile\systemDictionary.cpp, line 210
Event: 2.054 Thread 0x0000000017234000 Exception <a 'java/lang/NoSuchMethodError': java.lang.Object.lambda$comparing$77a9974f$1(Ljava/util/function/Function;Ljava/lang/Object;Ljava/lang/Object;)I> (0x00000000f11c33e0) thrown at [C:\re\workspace\8-2-build-windows-amd64-cygwin\jdk8u201\12322\hot
Event: 2.077 Thread 0x0000000017241000 Exception <a 'java/lang/IncompatibleClassChangeError': Found class java.lang.Object, but interface was expected> (0x00000000f134ad60) thrown at [C:\re\workspace\8-2-build-windows-amd64-cygwin\jdk8u201\12322\hotspot\src\share\vm\interpreter\linkResolver.cp

Events (10 events):
Event: 2.121 loading class com/sun/org/apache/xerces/internal/xni/parser/XMLPullParserConfiguration
Event: 2.121 loading class com/sun/org/apache/xerces/internal/xni/parser/XMLParserConfiguration
Event: 2.121 loading class com/sun/org/apache/xerces/internal/xni/parser/XMLComponentManager
Event: 2.121 loading class com/sun/org/apache/xerces/internal/xni/parser/XMLComponentManager done
Event: 2.121 loading class com/sun/org/apache/xerces/internal/xni/parser/XMLParserConfiguration done
Event: 2.121 loading class com/sun/org/apache/xerces/internal/xni/parser/XMLPullParserConfiguration done
Event: 2.121 loading class com/sun/org/apache/xerces/internal/parsers/XML11Configurable
Event: 2.121 loading class com/sun/org/apache/xerces/internal/parsers/XML11Configurable done
Event: 2.121 loading class com/sun/org/apache/xerces/internal/util/ParserConfigurationSettings
Event: 2.122 loading class com/sun/org/apache/xerces/internal/util/ParserConfigurationSettings done


Dynamic libraries:
0x000000013ff90000 - 0x000000013ffc7000 	C:\Program Files\Java\jre1.8.0_201\bin\javaw.exe
0x0000000077280000 - 0x0000000077429000 	C:\Windows\SYSTEM32\ntdll.dll
0x000007fee6510000 - 0x000007fee6522000 	C:\Program Files\AVAST Software\Avast\aswhook.dll
0x0000000077160000 - 0x000000007727f000 	C:\Windows\system32\kernel32.dll
0x000007fefd050000 - 0x000007fefd0bb000 	C:\Windows\system32\KERNELBASE.dll
0x000007fefd7b0000 - 0x000007fefd88b000 	C:\Windows\system32\ADVAPI32.dll
0x000007fefdad0000 - 0x000007fefdb6f000 	C:\Windows\system32\msvcrt.dll
0x000007fefd3f0000 - 0x000007fefd40f000 	C:\Windows\SYSTEM32\sechost.dll
0x000007fefd920000 - 0x000007fefda4d000 	C:\Windows\system32\RPCRT4.dll
0x0000000077060000 - 0x000000007715a000 	C:\Windows\system32\USER32.dll
0x000007fefdc10000 - 0x000007fefdc77000 	C:\Windows\system32\GDI32.dll
0x000007fefd910000 - 0x000007fefd91e000 	C:\Windows\system32\LPK.dll
0x000007feff4c0000 - 0x000007feff589000 	C:\Windows\system32\USP10.dll
0x000007fefba90000 - 0x000007fefbc84000 	C:\Windows\WinSxS\amd64_microsoft.windows.common-controls_6595b64144ccf1df_6.0.7601.17514_none_fa396087175ac9ac\COMCTL32.dll
0x000007fefda50000 - 0x000007fefdac1000 	C:\Windows\system32\SHLWAPI.dll
0x000007fefd8e0000 - 0x000007fefd90e000 	C:\Windows\system32\IMM32.DLL
0x000007fefd4f0000 - 0x000007fefd5f9000 	C:\Windows\system32\MSCTF.dll
0x0000000074250000 - 0x0000000074321000 	C:\Program Files\Java\jre1.8.0_201\bin\msvcr100.dll
0x0000000072e50000 - 0x00000000736f4000 	C:\Program Files\Java\jre1.8.0_201\bin\server\jvm.dll
0x000007fef9f20000 - 0x000007fef9f29000 	C:\Windows\system32\WSOCK32.dll
0x000007fefd890000 - 0x000007fefd8dd000 	C:\Windows\system32\WS2_32.dll
0x000007fefe240000 - 0x000007fefe248000 	C:\Windows\system32\NSI.dll
0x000007fef47f0000 - 0x000007fef482b000 	C:\Windows\system32\WINMM.dll
0x000007fefc120000 - 0x000007fefc12c000 	C:\Windows\system32\VERSION.dll
0x0000000077440000 - 0x0000000077447000 	C:\Windows\system32\PSAPI.DLL
0x000007fef9fd0000 - 0x000007fef9fdf000 	C:\Program Files\Java\jre1.8.0_201\bin\verify.dll
0x000007fef4b50000 - 0x000007fef4b79000 	C:\Program Files\Java\jre1.8.0_201\bin\java.dll
0x000007feef410000 - 0x000007feef426000 	C:\Program Files\Java\jre1.8.0_201\bin\zip.dll
0x000007fefe730000 - 0x000007feff4b8000 	C:\Windows\system32\SHELL32.dll
0x000007fefe250000 - 0x000007fefe453000 	C:\Windows\system32\ole32.dll
0x000007fefd040000 - 0x000007fefd04f000 	C:\Windows\system32\profapi.dll
0x000007fee2f20000 - 0x000007fee2f2d000 	C:\Program Files\Java\jre1.8.0_201\bin\management.dll
0x000007feef3f0000 - 0x000007feef40a000 	C:\Program Files\Java\jre1.8.0_201\bin\net.dll
0x000007fefd620000 - 0x000007fefd7a5000 	C:\Windows\system32\urlmon.dll
0x000007fefd3e0000 - 0x000007fefd3e4000 	C:\Windows\system32\api-ms-win-downlevel-ole32-l1-1-0.dll
0x000007fefd300000 - 0x000007fefd304000 	C:\Windows\system32\api-ms-win-downlevel-shlwapi-l1-1-0.dll
0x000007fefd2f0000 - 0x000007fefd2f5000 	C:\Windows\system32\api-ms-win-downlevel-advapi32-l1-1-0.dll
0x000007fefd3b0000 - 0x000007fefd3b4000 	C:\Windows\system32\api-ms-win-downlevel-user32-l1-1-0.dll
0x000007fefd3d0000 - 0x000007fefd3d4000 	C:\Windows\system32\api-ms-win-downlevel-version-l1-1-0.dll
0x000007fefd3c0000 - 0x000007fefd3c3000 	C:\Windows\system32\api-ms-win-downlevel-normaliz-l1-1-0.dll
0x0000000077450000 - 0x0000000077453000 	C:\Windows\system32\normaliz.DLL
0x000007fefe460000 - 0x000007fefe727000 	C:\Windows\system32\iertutil.dll
0x000007fefdf60000 - 0x000007fefe1ba000 	C:\Windows\system32\WININET.dll
0x000007fefd310000 - 0x000007fefd32e000 	C:\Windows\system32\USERENV.dll
0x000007fefc7d0000 - 0x000007fefc825000 	C:\Windows\system32\mswsock.dll
0x000007fefc7c0000 - 0x000007fefc7c7000 	C:\Windows\System32\wship6.dll
0x000007feef3d0000 - 0x000007feef3e1000 	C:\Program Files\Java\jre1.8.0_201\bin\nio.dll
0x000007fefabc0000 - 0x000007fefabd5000 	C:\Windows\system32\NLAapi.dll
0x000007fefb040000 - 0x000007fefb055000 	C:\Windows\system32\napinsp.dll
0x000007fefb020000 - 0x000007fefb039000 	C:\Windows\system32\pnrpnsp.dll
0x000007fefc650000 - 0x000007fefc6ab000 	C:\Windows\system32\DNSAPI.dll
0x000007fefb080000 - 0x000007fefb08b000 	C:\Windows\System32\winrnr.dll
0x000007fefc1f0000 - 0x000007fefc1f7000 	C:\Windows\System32\wshtcpip.dll
0x000007fefa840000 - 0x000007fefa867000 	C:\Windows\system32\IPHLPAPI.DLL
0x000007fefa7d0000 - 0x000007fefa7db000 	C:\Windows\system32\WINNSI.DLL
0x000007fefafd0000 - 0x000007fefafd8000 	C:\Windows\system32\rasadhlp.dll
0x000007fefa760000 - 0x000007fefa7b3000 	C:\Windows\System32\fwpuclnt.dll
0x000007fefc830000 - 0x000007fefc847000 	C:\Windows\system32\CRYPTSP.dll
0x000007fefc530000 - 0x000007fefc577000 	C:\Windows\system32\rsaenh.dll
0x000007fefced0000 - 0x000007fefcedf000 	C:\Windows\system32\CRYPTBASE.dll
0x000007fefa730000 - 0x000007fefa748000 	C:\Windows\system32\dhcpcsvc.DLL
0x000007fefa710000 - 0x000007fefa721000 	C:\Windows\system32\dhcpcsvc6.DLL

VM Arguments:
jvm_args: -Dcom.sun.management.jmxremote -Dcom.sun.management.jmxremote.port=50171 -Dcom.sun.management.jmxremote.authenticate=false -Dcom.sun.management.jmxremote.ssl=false -Djava.rmi.server.hostname=localhost -Dspring.jmx.enabled=true -Dspring.application.admin.enabled=true -Xverify:none -XX:TieredStopAtLevel=1 -Dfile.encoding=UTF-8 
java_command: br.unisul.web.sexta.ProgAlunoApplication --spring.output.ansi.enabled=always
java_class_path (initial): C:\Users\Usuário\Documents\workspace-spring-tool-suite-4-4.2.0.RELEASE\prog_aluno\target\classes;C:\Users\Usuário\.m2\repository\javax\persistence\javax.persistence-api\2.2\javax.persistence-api-2.2.jar;C:\Users\Usuário\.m2\repository\org\springframework\data\spring-data-jpa\2.1.5.RELEASE\spring-data-jpa-2.1.5.RELEASE.jar;C:\Users\Usuário\.m2\repository\org\springframework\boot\spring-boot-starter-web\2.1.3.RELEASE\spring-boot-starter-web-2.1.3.RELEASE.jar;C:\Users\Usuário\.m2\repository\org\springframework\boot\spring-boot-starter\2.1.3.RELEASE\spring-boot-starter-2.1.3.RELEASE.jar;C:\Users\Usuário\.m2\repository\org\springframework\boot\spring-boot-starter-logging\2.1.3.RELEASE\spring-boot-starter-logging-2.1.3.RELEASE.jar;C:\Users\Usuário\.m2\repository\ch\qos\logback\logback-classic\1.2.3\logback-classic-1.2.3.jar;C:\Users\Usuário\.m2\repository\ch\qos\logback\logback-core\1.2.3\logback-core-1.2.3.jar;C:\Users\Usuário\.m2\repository\org\apache\logging\log4j\log4j-to-slf4j\2.11.2\log4j-to-slf4j-2.11.2.jar;C:\Users\Usuário\.m2\repository\org\apache\logging\log4j\log4j-api\2.11.2\log4j-api-2.11.2.jar;C:\Users\Usuário\.m2\repository\org\slf4j\jul-to-slf4j\1.7.25\jul-to-slf4j-1.7.25.jar;C:\Users\Usuário\.m2\repository\javax\annotation\javax.annotation-api\1.3.2\javax.annotation-api-1.3.2.jar;C:\Users\Usuário\.m2\repository\org\yaml\snakeyaml\1.23\snakeyaml-1.23.jar;C:\Users\Usuário\.m2\repository\org\springframework\boot\spring-boot-starter-json\2.1.3.RELEASE\spring-boot-starter-json-2.1.3.RELEASE.jar;C:\Users\Usuário\.m2\repository\com\fasterxml\jackson\core\jackson-databind\2.9.8\jackson-databind-2.9.8.jar;C:\Users\Usuário\.m2\repository\com\fasterxml\jackson\core\jackson-annotations\2.9.0\jackson-annotations-2.9.0.jar;C:\Users\Usuário\.m2\repository\com\fasterxml\jackson\core\jackson-core\2.9.8\jackson-core-2.9.8.jar;C:\Users\Usuário\.m2\repository\com\fasterxml\jackson\datatype\jackson-datatype-jdk8\2.9.8\jackson-datatype-jdk8-2.9.8.j
Launcher Type: SUN_STANDARD

Environment Variables:
PATH=C:/Program Files/Java/jre1.8.0_201/bin/server;C:/Program Files/Java/jre1.8.0_201/bin;C:/Program Files/Java/jre1.8.0_201/lib/amd64;C:\Program Files (x86)\Common Files\Oracle\Java\javapath;C:\Windows\system32;C:\Windows;C:\Windows\System32\Wbem;C:\Windows\System32\WindowsPowerShell\v1.0\;C:\Program Files\Git\cmd;C:\Users\Usuário\Desktop\sts-4.2.0.RELEASE;
USERNAME=Usuário
OS=Windows_NT
PROCESSOR_IDENTIFIER=Intel64 Family 6 Model 42 Stepping 7, GenuineIntel



---------------  S Y S T E M  ---------------

OS: Windows 7 , 64 bit Build 7601 (6.1.7601.18015)

CPU:total 4 (initial active 4) (2 cores per cpu, 2 threads per core) family 6 model 42 stepping 7, cmov, cx8, fxsr, mmx, sse, sse2, sse3, ssse3, sse4.1, sse4.2, popcnt, avx, clmul, ht, tsc, tscinvbit

Memory: 4k page, physical 2994032k(338660k free), swap 11974264k(5144k free)

vm_info: Java HotSpot(TM) 64-Bit Server VM (25.201-b09) for windows-amd64 JRE (1.8.0_201-b09), built on Dec 15 2018 18:36:39 by "java_re" with MS VC++ 10.0 (VS2010)

time: Fri Apr 05 00:31:06 2019
timezone: Hora oficial do Brasil
elapsed time: 2 seconds (0d 0h 0m 2s)

